{
  "RSpec": {
    "coverage": {
      "/Users/benhawker/Desktop/Projects/personal/rails_marketplace/spec/controllers/application_controller_spec.rb": [
        1,
        null,
        1,
        null,
        1,
        1,
        0,
        null,
        null,
        null,
        null
      ],
      "/Users/benhawker/Desktop/Projects/personal/rails_marketplace/spec/rails_helper.rb": [
        1,
        1,
        1,
        1,
        1,
        1,
        1,
        null,
        1,
        null,
        1,
        1,
        1,
        1,
        1,
        null,
        1,
        1,
        null,
        null,
        1,
        0,
        null,
        null,
        1,
        7,
        null,
        null,
        1,
        1,
        1,
        1,
        1,
        1,
        1,
        null,
        null,
        1,
        146,
        null,
        null,
        1,
        146,
        null,
        null,
        null,
        null,
        null,
        null,
        1,
        1,
        null
      ],
      "/Users/benhawker/Desktop/Projects/personal/rails_marketplace/config/environment.rb": [
        null,
        1,
        null,
        null,
        1
      ],
      "/Users/benhawker/Desktop/Projects/personal/rails_marketplace/config/application.rb": [
        1,
        null,
        1,
        null,
        1,
        1,
        1,
        1,
        1,
        1,
        1,
        null,
        null,
        null,
        null,
        1,
        null,
        1,
        1,
        null,
        null,
        null,
        null,
        null,
        null,
        null,
        null,
        null,
        null,
        null,
        null,
        null,
        1,
        null,
        null
      ],
      "/Users/benhawker/Desktop/Projects/personal/rails_marketplace/config/boot.rb": [
        1,
        null,
        1
      ],
      "/Users/benhawker/Desktop/Projects/personal/rails_marketplace/config/environments/test.rb": [
        1,
        null,
        null,
        null,
        null,
        null,
        null,
        1,
        null,
        null,
        null,
        null,
        1,
        null,
        null,
        1,
        1,
        null,
        null,
        1,
        1,
        null,
        null,
        1,
        null,
        null,
        1,
        null,
        null,
        null,
        null,
        1,
        null,
        null,
        1,
        null,
        null,
        1,
        null,
        null,
        null,
        null
      ],
      "/Users/benhawker/Desktop/Projects/personal/rails_marketplace/config/initializers/assets.rb": [
        null,
        null,
        null,
        1,
        null,
        null,
        null,
        null,
        null,
        null,
        null
      ],
      "/Users/benhawker/Desktop/Projects/personal/rails_marketplace/config/initializers/backtrace_silencers.rb": [
        null,
        null,
        null,
        null,
        null,
        null,
        null
      ],
      "/Users/benhawker/Desktop/Projects/personal/rails_marketplace/config/initializers/cookies_serializer.rb": [
        null,
        null,
        1
      ],
      "/Users/benhawker/Desktop/Projects/personal/rails_marketplace/config/initializers/devise.rb": [
        null,
        null,
        1,
        null,
        null,
        null,
        null,
        null,
        null,
        null,
        null,
        null,
        null,
        null,
        1,
        null,
        null,
        null,
        null,
        null,
        null,
        null,
        null,
        1,
        null,
        null,
        null,
        null,
        null,
        null,
        null,
        null,
        null,
        null,
        null,
        null,
        null,
        null,
        null,
        null,
        null,
        null,
        null,
        null,
        null,
        1,
        null,
        null,
        null,
        null,
        1,
        null,
        null,
        null,
        null,
        null,
        null,
        null,
        null,
        null,
        null,
        null,
        null,
        null,
        null,
        null,
        null,
        null,
        null,
        null,
        null,
        null,
        null,
        null,
        null,
        null,
        null,
        null,
        null,
        null,
        null,
        1,
        null,
        null,
        null,
        null,
        null,
        null,
        null,
        null,
        null,
        null,
        null,
        null,
        null,
        null,
        null,
        null,
        1,
        null,
        null,
        null,
        null,
        null,
        null,
        null,
        null,
        null,
        null,
        null,
        null,
        null,
        null,
        null,
        null,
        null,
        null,
        null,
        null,
        null,
        null,
        null,
        null,
        1,
        null,
        null,
        null,
        null,
        null,
        null,
        null,
        null,
        null,
        1,
        null,
        null,
        null,
        null,
        null,
        null,
        null,
        null,
        null,
        null,
        1,
        null,
        null,
        null,
        null,
        null,
        null,
        null,
        null,
        null,
        null,
        null,
        null,
        null,
        null,
        null,
        null,
        null,
        null,
        null,
        null,
        null,
        null,
        null,
        null,
        null,
        null,
        null,
        null,
        null,
        null,
        null,
        null,
        null,
        null,
        null,
        null,
        null,
        null,
        null,
        null,
        null,
        null,
        null,
        null,
        null,
        1,
        null,
        null,
        null,
        null,
        null,
        null,
        null,
        null,
        null,
        null,
        null,
        null,
        null,
        null,
        null,
        null,
        null,
        null,
        null,
        null,
        null,
        null,
        null,
        null,
        null,
        null,
        null,
        null,
        null,
        null,
        null,
        null,
        null,
        null,
        null,
        null,
        null,
        null,
        null,
        null,
        null,
        1,
        null,
        null,
        null,
        null,
        null,
        null,
        null,
        null,
        null,
        null,
        null,
        null,
        null,
        null,
        null,
        null,
        null,
        null,
        null,
        null,
        null,
        null,
        null,
        null,
        null,
        null,
        null,
        null,
        null
      ],
      "/Users/benhawker/Desktop/Projects/personal/rails_marketplace/config/initializers/filter_parameter_logging.rb": [
        null,
        null,
        null,
        1
      ],
      "/Users/benhawker/Desktop/Projects/personal/rails_marketplace/config/initializers/inflections.rb": [
        null,
        null,
        null,
        null,
        null,
        null,
        null,
        null,
        null,
        null,
        null,
        null,
        null,
        null,
        null,
        null
      ],
      "/Users/benhawker/Desktop/Projects/personal/rails_marketplace/config/initializers/mailboxer.rb": [
        1,
        null,
        null,
        1,
        null,
        null,
        1,
        null,
        null,
        1,
        1,
        null,
        null,
        null,
        1,
        1,
        null,
        null,
        1,
        1,
        null
      ],
      "/Users/benhawker/Desktop/Projects/personal/rails_marketplace/config/initializers/mime_types.rb": [
        null,
        null,
        null,
        null
      ],
      "/Users/benhawker/Desktop/Projects/personal/rails_marketplace/config/initializers/rolify.rb": [
        null,
        null,
        null,
        null,
        null,
        null,
        null
      ],
      "/Users/benhawker/Desktop/Projects/personal/rails_marketplace/config/initializers/session_store.rb": [
        null,
        null,
        1
      ],
      "/Users/benhawker/Desktop/Projects/personal/rails_marketplace/config/initializers/simple_form.rb": [
        null,
        1,
        null,
        null,
        null,
        null,
        null,
        1,
        null,
        null,
        null,
        null,
        null,
        null,
        null,
        null,
        null,
        1,
        null,
        null,
        null,
        1,
        null,
        null,
        null,
        null,
        null,
        null,
        null,
        null,
        1,
        null,
        null,
        1,
        null,
        null,
        1,
        null,
        null,
        1,
        null,
        null,
        1,
        1,
        1,
        null,
        null,
        null,
        null,
        null,
        null,
        null,
        null,
        null,
        1,
        null,
        null,
        null,
        null,
        null,
        1,
        null,
        null,
        1,
        null,
        null,
        null,
        null,
        null,
        null,
        null,
        1,
        null,
        null,
        1,
        null,
        null,
        null,
        null,
        null,
        null,
        null,
        null,
        null,
        null,
        null,
        null,
        null,
        null,
        null,
        null,
        null,
        null,
        null,
        null,
        null,
        null,
        null,
        null,
        null,
        null,
        null,
        null,
        null,
        null,
        null,
        null,
        null,
        null,
        null,
        null,
        null,
        null,
        null,
        null,
        null,
        null,
        null,
        null,
        1,
        null,
        null,
        null,
        null,
        null,
        null,
        null,
        null,
        null,
        null,
        null,
        null,
        null,
        null,
        null,
        null,
        null,
        null,
        null,
        null,
        null,
        null,
        null,
        null,
        null,
        null,
        null,
        null,
        null,
        null,
        null,
        null,
        null,
        null,
        null,
        null,
        1,
        null,
        null,
        null,
        null,
        null,
        null,
        null,
        null
      ],
      "/Users/benhawker/Desktop/Projects/personal/rails_marketplace/config/initializers/wrap_parameters.rb": [
        null,
        null,
        null,
        null,
        null,
        null,
        1,
        1,
        null,
        null,
        null,
        null,
        null,
        null
      ],
      "/Users/benhawker/Desktop/Projects/personal/rails_marketplace/spec/factories/categories.rb": [
        1,
        1,
        98,
        null,
        null,
        1,
        1,
        null,
        null,
        1,
        1,
        null,
        null
      ],
      "/Users/benhawker/Desktop/Projects/personal/rails_marketplace/spec/factories/feedbacks.rb": [
        1,
        1,
        1,
        1,
        1,
        18,
        18,
        null,
        null,
        1,
        1,
        null,
        null,
        1,
        1,
        null,
        null,
        null
      ],
      "/Users/benhawker/Desktop/Projects/personal/rails_marketplace/spec/factories/inquiries.rb": [
        1,
        1,
        1,
        1,
        1,
        null,
        null
      ],
      "/Users/benhawker/Desktop/Projects/personal/rails_marketplace/spec/factories/listings.rb": [
        1,
        1,
        null,
        null,
        null,
        null,
        null,
        null,
        82,
        82,
        82,
        103,
        103,
        103,
        103,
        103,
        null,
        null,
        1,
        1,
        0,
        null,
        null,
        null,
        null,
        1,
        1,
        1,
        1,
        null,
        null,
        1,
        1,
        1,
        1,
        null,
        null,
        1,
        1,
        1,
        1,
        null,
        null,
        null
      ],
      "/Users/benhawker/Desktop/Projects/personal/rails_marketplace/spec/factories/locations.rb": [
        1,
        1,
        null,
        null,
        null,
        null
      ],
      "/Users/benhawker/Desktop/Projects/personal/rails_marketplace/spec/factories/messages.rb": [
        1,
        1,
        null,
        null,
        null,
        null
      ],
      "/Users/benhawker/Desktop/Projects/personal/rails_marketplace/spec/factories/offers.rb": [
        1,
        1,
        1,
        1,
        1,
        1,
        null,
        null
      ],
      "/Users/benhawker/Desktop/Projects/personal/rails_marketplace/spec/factories/photos.rb": [
        1,
        1,
        1,
        1,
        1,
        null,
        null
      ],
      "/Users/benhawker/Desktop/Projects/personal/rails_marketplace/spec/factories/users.rb": [
        1,
        1,
        1,
        1,
        1,
        1,
        1,
        1,
        1,
        null,
        null,
        1,
        1,
        1,
        1,
        1,
        1,
        1,
        null,
        null,
        1,
        1,
        null,
        null,
        1,
        1,
        null,
        null,
        null,
        null,
        null
      ],
      "/Users/benhawker/Desktop/Projects/personal/rails_marketplace/spec/factories/watches.rb": [
        1,
        1,
        null,
        1,
        1,
        null,
        null
      ],
      "/Users/benhawker/Desktop/Projects/personal/rails_marketplace/config/routes.rb": [
        1,
        null,
        1,
        1,
        null,
        1,
        1,
        1,
        1,
        1,
        null,
        null,
        1,
        1,
        null,
        null,
        1,
        1,
        1,
        null,
        null,
        null,
        1,
        null,
        1,
        1,
        null,
        null,
        1,
        1,
        1,
        1,
        null,
        null,
        1,
        5,
        null,
        null,
        null,
        1,
        1,
        null,
        1,
        1,
        null,
        null,
        null,
        null,
        null
      ],
      "/Users/benhawker/Desktop/Projects/personal/rails_marketplace/app/models/user.rb": [
        1,
        null,
        1,
        null,
        1,
        1,
        5,
        1,
        1,
        1,
        1,
        null,
        1,
        1,
        1,
        1,
        null,
        null,
        null,
        null,
        null,
        null,
        null,
        null,
        1,
        0,
        null,
        null,
        1,
        0,
        null,
        null,
        null,
        null,
        1,
        0,
        null,
        null,
        1,
        0,
        null,
        null,
        null,
        1,
        1,
        1,
        null,
        1,
        null,
        null,
        null,
        1,
        null,
        null,
        1,
        0,
        null,
        null,
        1,
        0,
        null,
        null,
        1,
        0,
        null,
        null,
        1,
        0,
        null,
        null,
        null,
        1,
        0,
        null,
        null,
        1,
        0,
        null,
        null,
        null,
        null,
        null,
        null,
        null,
        null,
        null
      ],
      "/Users/benhawker/Desktop/Projects/personal/rails_marketplace/app/controllers/pages_controller.rb": [
        1,
        null,
        1,
        null,
        null,
        1,
        null,
        null,
        1,
        null,
        null,
        null
      ],
      "/Users/benhawker/Desktop/Projects/personal/rails_marketplace/app/controllers/application_controller.rb": [
        1,
        1,
        null,
        1,
        0,
        0,
        null,
        null,
        1,
        null,
        0,
        null,
        null,
        1,
        0,
        null,
        null,
        1,
        1,
        null,
        null,
        1,
        0,
        null,
        null
      ],
      "/Users/benhawker/Desktop/Projects/personal/rails_marketplace/app/helpers/application_helper.rb": [
        1,
        1,
        0,
        null,
        null,
        1,
        0,
        null,
        null
      ],
      "/Users/benhawker/Desktop/Projects/personal/rails_marketplace/app/helpers/listings_helper.rb": [
        1,
        1,
        null
      ],
      "/Users/benhawker/Desktop/Projects/personal/rails_marketplace/spec/support/helpers/common_steps_helper.rb": [
        1,
        null,
        1,
        0,
        0,
        0,
        0,
        0,
        0,
        null,
        null,
        1,
        0,
        0,
        0,
        0,
        0,
        0,
        null,
        null,
        1,
        0,
        0,
        0,
        0,
        0,
        0,
        null,
        null,
        1,
        0,
        0,
        0,
        0,
        0,
        null,
        null,
        1,
        0,
        0,
        0,
        0,
        0,
        null,
        null,
        1,
        0,
        0,
        0,
        0,
        0,
        null,
        null,
        1,
        0,
        0,
        0,
        null,
        null,
        1,
        0,
        0,
        0,
        null,
        null,
        1,
        0,
        0,
        null,
        null,
        1,
        0,
        0,
        0,
        0,
        0,
        null,
        null,
        1,
        0,
        0,
        0,
        null,
        null,
        null,
        1,
        1,
        1,
        1,
        1,
        1,
        null,
        null,
        null,
        1,
        1,
        1,
        1,
        null,
        null,
        null,
        null
      ],
      "/Users/benhawker/Desktop/Projects/personal/rails_marketplace/spec/controllers/home_controller_spec.rb": [
        1,
        null,
        1,
        1,
        1,
        1,
        1,
        1,
        null,
        null,
        null
      ],
      "/Users/benhawker/Desktop/Projects/personal/rails_marketplace/app/controllers/home_controller.rb": [
        1,
        1,
        14,
        null,
        null
      ],
      "/Users/benhawker/Desktop/Projects/personal/rails_marketplace/spec/controllers/inquiries_controller_spec.rb": [
        1,
        null,
        1,
        3,
        3,
        3,
        3,
        3,
        null,
        1,
        3,
        null,
        1,
        1,
        1,
        null,
        null,
        1,
        1,
        1,
        1,
        null,
        null,
        null
      ],
      "/Users/benhawker/Desktop/Projects/personal/rails_marketplace/app/controllers/inquiries_controller.rb": [
        1,
        null,
        null,
        null,
        1,
        2,
        2,
        2,
        null,
        null,
        1,
        0,
        0,
        0,
        null,
        0,
        0,
        null,
        null,
        1,
        0,
        0,
        0,
        null,
        null,
        null,
        null,
        null,
        null,
        null,
        0,
        0,
        null,
        0,
        0,
        null,
        0,
        null,
        null,
        1,
        1,
        0,
        null,
        null,
        null
      ],
      "/Users/benhawker/Desktop/Projects/personal/rails_marketplace/spec/controllers/listings_controller_spec.rb": [
        1,
        null,
        1,
        null,
        1,
        3,
        3,
        3,
        null,
        3,
        null,
        1,
        1,
        1,
        1,
        null,
        null,
        1,
        1,
        1,
        null,
        null,
        null,
        1,
        3,
        3,
        3,
        null,
        3,
        null,
        1,
        1,
        1,
        null,
        null,
        1,
        1,
        1,
        1,
        null,
        null,
        null,
        1,
        3,
        3,
        null,
        1,
        1,
        1,
        null,
        null,
        1,
        1,
        1,
        1,
        null,
        null,
        null,
        1,
        2,
        2,
        2,
        null,
        2,
        null,
        1,
        1,
        1,
        null,
        null,
        null,
        null,
        null
      ],
      "/Users/benhawker/Desktop/Projects/personal/rails_marketplace/app/controllers/listings_controller.rb": [
        1,
        1,
        null,
        1,
        21,
        21,
        1,
        null,
        20,
        null,
        null,
        null,
        1,
        5,
        5,
        5,
        null,
        null,
        1,
        3,
        3,
        3,
        2,
        2,
        null,
        1,
        null,
        null,
        null,
        1,
        16,
        16,
        null,
        null,
        1,
        2,
        2,
        2,
        null,
        null,
        1,
        1,
        1,
        1,
        1,
        1,
        null,
        0,
        0,
        null,
        null,
        null,
        1,
        1,
        1,
        1,
        1,
        1,
        null,
        0,
        0,
        null,
        null,
        null,
        1,
        3,
        3,
        null,
        2,
        2,
        2,
        null,
        1,
        1,
        null,
        null,
        null,
        1,
        0,
        null,
        0,
        0,
        0,
        null,
        0,
        0,
        null,
        null,
        null,
        1,
        null,
        1,
        4,
        null,
        null,
        null,
        null,
        null,
        null,
        1,
        0,
        0,
        null,
        0,
        null,
        null,
        null,
        null
      ],
      "/Users/benhawker/Desktop/Projects/personal/rails_marketplace/spec/controllers/pages_controller_spec.rb": [
        1,
        null,
        1,
        1,
        1,
        1,
        1,
        1,
        null,
        null,
        null,
        1,
        1,
        1,
        1,
        1,
        null,
        null,
        null,
        1,
        1,
        1,
        1,
        1,
        null,
        null,
        null,
        null
      ],
      "/Users/benhawker/Desktop/Projects/personal/rails_marketplace/spec/features/buying_feature_spec.rb": [
        1,
        null,
        1,
        null,
        1,
        4,
        4,
        4,
        4,
        null,
        1,
        1,
        1,
        1,
        1,
        null,
        null,
        4,
        null,
        1,
        1,
        1,
        1,
        1,
        1,
        null,
        null,
        1,
        1,
        1,
        1,
        1,
        1,
        null,
        null,
        null
      ],
      "/Users/benhawker/Desktop/Projects/personal/rails_marketplace/spec/features/footer_feature_spec.rb": [
        1,
        null,
        1,
        null,
        1,
        1,
        1,
        1,
        1,
        null,
        null,
        1,
        1,
        1,
        1,
        null,
        null,
        1,
        1,
        1,
        1,
        null,
        null,
        null
      ],
      "/Users/benhawker/Desktop/Projects/personal/rails_marketplace/spec/features/listings_feature_spec.rb": [
        1,
        null,
        1,
        12,
        12,
        12,
        12,
        null,
        1,
        2,
        null,
        1,
        1,
        1,
        1,
        1,
        null,
        null,
        null,
        1,
        4,
        null,
        1,
        1,
        1,
        1,
        1,
        1,
        1,
        1,
        1,
        1,
        1,
        1,
        null,
        null,
        1,
        1,
        1,
        1,
        1,
        1,
        1,
        1,
        1,
        1,
        1,
        1,
        1,
        1,
        1,
        null,
        null,
        null,
        1,
        2,
        null,
        1,
        1,
        1,
        1,
        1,
        1,
        null,
        null,
        null,
        null,
        1,
        1,
        1,
        1,
        1,
        1,
        1,
        1,
        1,
        null,
        null,
        1,
        2,
        2,
        null,
        null,
        1,
        1,
        1,
        1,
        null,
        null,
        null,
        1,
        1,
        2,
        2,
        null,
        null,
        1,
        1,
        1,
        1,
        1,
        1,
        1,
        1,
        1,
        null,
        null,
        1,
        2,
        2,
        null,
        null,
        1,
        1,
        1,
        1,
        null,
        null,
        null,
        1,
        3,
        null,
        1,
        1,
        1,
        1,
        1,
        null,
        null,
        1,
        1,
        1,
        1,
        1,
        1,
        null,
        null,
        null,
        1,
        1,
        1,
        1,
        1,
        1,
        1,
        null,
        null,
        null,
        null
      ],
      "/Users/benhawker/Desktop/Projects/personal/rails_marketplace/spec/features/profiles_feature_spec.rb": [
        1,
        null,
        1,
        1,
        1,
        1,
        1,
        1,
        null,
        null,
        4,
        4,
        null,
        1,
        1,
        1,
        1,
        1,
        1,
        null,
        null,
        1,
        1,
        1,
        1,
        1,
        1,
        1,
        1,
        null,
        null,
        null,
        1,
        null,
        2,
        2,
        null,
        1,
        1,
        1,
        1,
        null,
        null,
        null,
        1,
        null,
        2,
        2,
        2,
        null,
        1,
        1,
        1,
        1,
        null,
        null,
        null,
        1,
        0,
        0,
        0,
        null,
        null,
        null,
        null,
        null,
        null
      ],
      "/Users/benhawker/Desktop/Projects/personal/rails_marketplace/spec/features/users_feature_spec.rb": [
        1,
        null,
        1,
        8,
        null,
        1,
        1,
        1,
        1,
        1,
        null,
        null,
        1,
        1,
        1,
        null,
        null,
        null,
        1,
        4,
        null,
        1,
        1,
        1,
        null,
        null,
        1,
        1,
        1,
        1,
        null,
        null,
        1,
        1,
        1,
        null,
        null,
        null,
        1,
        1,
        1,
        1,
        1,
        1,
        null,
        null,
        null,
        1,
        2,
        2,
        2,
        null,
        1,
        1,
        1,
        1,
        1,
        1,
        null,
        null,
        null,
        1,
        1,
        0,
        0,
        0,
        0,
        0,
        0,
        null,
        null,
        null,
        null,
        null,
        null,
        null,
        null,
        null,
        null,
        null,
        null,
        null,
        null,
        null,
        null,
        null,
        null,
        null,
        null,
        null,
        null,
        null,
        null,
        null,
        null,
        null,
        null,
        null,
        null,
        null,
        null,
        null,
        null,
        null,
        null,
        null,
        null,
        null,
        null,
        null,
        null,
        null,
        null,
        null,
        null,
        null,
        null,
        null,
        null,
        null,
        null,
        null,
        null,
        null,
        null,
        null
      ],
      "/Users/benhawker/Desktop/Projects/personal/rails_marketplace/spec/mailers/user_mailer_spec.rb": [
        1,
        null,
        1,
        null,
        null
      ],
      "/Users/benhawker/Desktop/Projects/personal/rails_marketplace/app/mailers/user_mailer.rb": [
        1,
        1,
        null,
        1,
        0,
        0,
        null,
        null,
        1,
        null,
        null,
        null,
        null
      ],
      "/Users/benhawker/Desktop/Projects/personal/rails_marketplace/app/mailers/application_mailer.rb": [
        1,
        1,
        1,
        null
      ],
      "/Users/benhawker/Desktop/Projects/personal/rails_marketplace/spec/models/category_spec.rb": [
        1,
        null,
        1,
        2,
        null
      ],
      "/Users/benhawker/Desktop/Projects/personal/rails_marketplace/app/models/category.rb": [
        1,
        1,
        null,
        1,
        null
      ],
      "/Users/benhawker/Desktop/Projects/personal/rails_marketplace/spec/models/feedback_spec.rb": [
        1,
        null,
        1,
        2,
        2,
        null,
        2,
        null,
        2,
        2,
        2,
        null,
        2,
        2,
        2,
        null,
        18,
        18,
        18,
        18,
        1,
        null,
        1,
        1,
        4,
        null,
        null,
        2,
        null,
        1,
        4,
        null,
        null,
        1,
        2,
        null,
        null,
        null,
        18,
        null,
        1,
        1,
        1,
        null,
        null,
        1,
        1,
        1,
        1,
        null,
        null,
        1,
        1,
        1,
        1,
        null,
        null,
        null,
        1,
        1,
        1,
        1,
        null,
        null,
        1,
        1,
        1,
        null,
        null,
        null,
        null
      ],
      "/Users/benhawker/Desktop/Projects/personal/rails_marketplace/app/models/feedback.rb": [
        1,
        null,
        1,
        null,
        1,
        null,
        null,
        1,
        1,
        1,
        null,
        null,
        null,
        null,
        null,
        null,
        null,
        1,
        1,
        1,
        null,
        null,
        1,
        1,
        1,
        1,
        1,
        null,
        null,
        1,
        1,
        1,
        1,
        1,
        0,
        null,
        null,
        null,
        1,
        2,
        null,
        null,
        1,
        1,
        null,
        null,
        1,
        null,
        1,
        0,
        null,
        null,
        1,
        19,
        null,
        null,
        null
      ],
      "/Users/benhawker/Desktop/Projects/personal/rails_marketplace/spec/models/follower_relationship_spec.rb": [
        1,
        null,
        1,
        2,
        2,
        null,
        2,
        2,
        null,
        null
      ],
      "/Users/benhawker/Desktop/Projects/personal/rails_marketplace/app/models/follower_relationship.rb": [
        1,
        1,
        1,
        null,
        1,
        3,
        null
      ],
      "/Users/benhawker/Desktop/Projects/personal/rails_marketplace/spec/models/inquiry_spec.rb": [
        1,
        null,
        1,
        2,
        2,
        2,
        2,
        null,
        2,
        2,
        2,
        null,
        2,
        null
      ],
      "/Users/benhawker/Desktop/Projects/personal/rails_marketplace/app/models/inquiry.rb": [
        1,
        1,
        1,
        1,
        1,
        null,
        1,
        null,
        1,
        null,
        1,
        null,
        1,
        0,
        null,
        null,
        null
      ],
      "/Users/benhawker/Desktop/Projects/personal/rails_marketplace/spec/models/listing_spec.rb": [
        1,
        null,
        1,
        null,
        null,
        2,
        2,
        2,
        2,
        2,
        2,
        2,
        null,
        null,
        2,
        2,
        null,
        null,
        null,
        2,
        2,
        2,
        2,
        null,
        18,
        18,
        18,
        5,
        null,
        1,
        1,
        2,
        null,
        null,
        1,
        2,
        null,
        null,
        null,
        1,
        1,
        1,
        1,
        1,
        1,
        null,
        null,
        1,
        1,
        1,
        1,
        1,
        1,
        null,
        null,
        null
      ],
      "/Users/benhawker/Desktop/Projects/personal/rails_marketplace/app/models/listing.rb": [
        1,
        null,
        null,
        1,
        1,
        1,
        1,
        6,
        1,
        1,
        1,
        null,
        null,
        1,
        null,
        null,
        1,
        null,
        null,
        1,
        1,
        null,
        null,
        null,
        1,
        1,
        1,
        1,
        null,
        1,
        20,
        1,
        1,
        1,
        null,
        null,
        1,
        1,
        null,
        1,
        1,
        null,
        null,
        1,
        1,
        null,
        null,
        null,
        null,
        1,
        1,
        null,
        null,
        null,
        1,
        0,
        null,
        null,
        1,
        0,
        null,
        null,
        1,
        0,
        null,
        null,
        null
      ],
      "/Users/benhawker/Desktop/Projects/personal/rails_marketplace/spec/models/location_spec.rb": [
        1,
        null,
        1,
        2,
        2,
        null
      ],
      "/Users/benhawker/Desktop/Projects/personal/rails_marketplace/app/models/location.rb": [
        1,
        1,
        1,
        null,
        1,
        1,
        1,
        null,
        1,
        0,
        null,
        null,
        null
      ],
      "/Users/benhawker/Desktop/Projects/personal/rails_marketplace/spec/models/message_spec.rb": [
        1,
        null,
        1,
        2,
        2,
        null,
        2,
        null,
        1,
        4,
        null,
        null,
        null
      ],
      "/Users/benhawker/Desktop/Projects/personal/rails_marketplace/app/models/message.rb": [
        1,
        1,
        1,
        null,
        1,
        null,
        1,
        0,
        null,
        null,
        null
      ],
      "/Users/benhawker/Desktop/Projects/personal/rails_marketplace/spec/models/messaging_spec.rb": [

      ],
      "/Users/benhawker/Desktop/Projects/personal/rails_marketplace/spec/models/offer_spec.rb": [
        1,
        null,
        1,
        null,
        2,
        2,
        null,
        null,
        2,
        2,
        null,
        null,
        2,
        null,
        22,
        22,
        22,
        13,
        7,
        null,
        1,
        4,
        null,
        null,
        1,
        4,
        null,
        null,
        1,
        1,
        0,
        null,
        null,
        0,
        0,
        null,
        null,
        0,
        0,
        null,
        null,
        0,
        0,
        null,
        null,
        null,
        1,
        1,
        1,
        null,
        null,
        1,
        1,
        1,
        1,
        null,
        null,
        1,
        1,
        1,
        1,
        null,
        null,
        1,
        1,
        null,
        null,
        null,
        null,
        1,
        1,
        1,
        1,
        1,
        null,
        null,
        1,
        1,
        1,
        1,
        null,
        null,
        1,
        2,
        null,
        null,
        1,
        null,
        1,
        2,
        null,
        null,
        null,
        2,
        2,
        2,
        2,
        2,
        null,
        1,
        1,
        1,
        1,
        1,
        1,
        2,
        null,
        null,
        1,
        null,
        null,
        null,
        null,
        1,
        null,
        2,
        null,
        null,
        null,
        null,
        1,
        null,
        null,
        null,
        1,
        null,
        null,
        null,
        null,
        null,
        1,
        1,
        null,
        null,
        null,
        1,
        1,
        null,
        null,
        null,
        null,
        1,
        1,
        null,
        null,
        null,
        null,
        null,
        1,
        1,
        null,
        null,
        null,
        null,
        null
      ],
      "/Users/benhawker/Desktop/Projects/personal/rails_marketplace/app/models/offer.rb": [
        1,
        null,
        1,
        1,
        1,
        null,
        null,
        1,
        1,
        1,
        null,
        null,
        1,
        1,
        null,
        null,
        1,
        1,
        null,
        null,
        1,
        1,
        null,
        1,
        null,
        null,
        1,
        1,
        null,
        1,
        1,
        null,
        null,
        1,
        1,
        null,
        null,
        1,
        1,
        null,
        null,
        1,
        1,
        null,
        null,
        null,
        null,
        null,
        1,
        1,
        1,
        1,
        1,
        null,
        null,
        1,
        17,
        null,
        null,
        1,
        null,
        1,
        17,
        1,
        null,
        null,
        null,
        1,
        16,
        null,
        null,
        1,
        15,
        null,
        null,
        null,
        null
      ],
      "/Users/benhawker/Desktop/Projects/personal/rails_marketplace/spec/models/payment_spec.rb": [
        1,
        null,
        1,
        2,
        2,
        2,
        null,
        1,
        1,
        0,
        null,
        null,
        0,
        0,
        0,
        0,
        null,
        null,
        0,
        0,
        0,
        0,
        null,
        null,
        null,
        null,
        null,
        null
      ],
      "/Users/benhawker/Desktop/Projects/personal/rails_marketplace/app/models/payment.rb": [
        1,
        null,
        1,
        null,
        1,
        1,
        1,
        null,
        1,
        null
      ],
      "/Users/benhawker/Desktop/Projects/personal/rails_marketplace/spec/models/photo_spec.rb": [
        1,
        null,
        1,
        2,
        null
      ],
      "/Users/benhawker/Desktop/Projects/personal/rails_marketplace/app/models/photo.rb": [
        1,
        1,
        null,
        1,
        null,
        1,
        1,
        null,
        null
      ],
      "/Users/benhawker/Desktop/Projects/personal/rails_marketplace/spec/models/transaction_spec.rb": [
        1,
        null,
        1,
        2,
        2,
        null
      ],
      "/Users/benhawker/Desktop/Projects/personal/rails_marketplace/app/models/transaction.rb": [
        1,
        1,
        1,
        null
      ],
      "/Users/benhawker/Desktop/Projects/personal/rails_marketplace/spec/models/user_spec.rb": [
        1,
        null,
        1,
        2,
        2,
        2,
        2,
        2,
        2,
        2,
        2,
        2,
        2,
        2,
        2,
        2,
        2,
        2,
        null,
        21,
        21,
        21,
        21,
        null,
        1,
        1,
        1,
        1,
        1,
        null,
        null,
        null,
        1,
        1,
        1,
        null,
        null,
        1,
        1,
        1,
        1,
        null,
        null,
        1,
        1,
        1,
        1,
        null,
        null,
        null,
        1,
        1,
        1,
        1,
        null,
        null,
        1,
        0,
        0,
        null,
        null,
        null,
        null,
        null
      ],
      "/Users/benhawker/Desktop/Projects/personal/rails_marketplace/spec/models/watch_spec.rb": [
        1,
        null,
        1,
        2,
        2,
        null
      ],
      "/Users/benhawker/Desktop/Projects/personal/rails_marketplace/app/models/watch.rb": [
        1,
        1,
        1,
        null
      ],
      "/Users/benhawker/Desktop/Projects/personal/rails_marketplace/spec/services/suggested_listings_spec.rb": [
        1,
        null,
        1,
        null,
        2,
        1,
        2,
        null,
        2,
        2,
        null,
        1,
        1,
        null,
        null,
        null
      ],
      "/Users/benhawker/Desktop/Projects/personal/rails_marketplace/app/services/suggested_listings.rb": [
        1,
        null,
        1,
        1,
        null,
        null,
        null
      ],
      "/Users/benhawker/Desktop/Projects/personal/rails_marketplace/app/models/ability.rb": [
        1,
        1,
        null,
        1,
        12,
        null,
        12,
        0,
        null,
        12,
        12,
        12,
        12,
        null,
        12,
        12,
        12,
        null,
        12,
        null,
        12,
        12,
        null,
        null,
        null,
        null,
        null,
        null,
        null,
        null
      ],
      "/Users/benhawker/Desktop/Projects/personal/rails_marketplace/app/controllers/users_controller.rb": [
        1,
        1,
        null,
        1,
        1,
        1,
        0,
        null,
        1,
        null,
        null,
        null,
        1,
        5,
        null,
        null,
        1,
        3,
        null,
        null,
        1,
        1,
        1,
        1,
        1,
        null,
        0,
        0,
        null,
        null,
        null,
        1,
        0,
        null,
        null,
        1,
        0,
        null,
        null,
        1,
        null,
        1,
        1,
        null,
        null,
        null
      ]
    },
    "timestamp": 1463672668
  }
}
